<?xml version="1.0" encoding="UTF-8"?>
<!-- Generated by org.testng.reporters.JUnitReportReporter -->
<testsuite hostname="VinayakaBShetty" failures="0" tests="1" name="tests.MakeMyTrip_Parameterized" time="14.195" errors="0" timestamp="2024-06-07T10:43:34 IST" skipped="0">
  <testcase classname="tests.MakeMyTrip_Parameterized" name="f" time="14.195"/>
  <system-out/>
</testsuite> <!-- tests.MakeMyTrip_Parameterized -->
