<?xml version="1.0" encoding="UTF-8"?>
<!-- Generated by org.testng.reporters.JUnitReportReporter -->
<testsuite hostname="VinayakaBShetty" failures="0" tests="2" name="tests.SwagLabs" time="36.460" errors="0" timestamp="2024-06-04T20:01:15 IST" skipped="0">
  <testcase classname="tests.SwagLabs" name="loginToSwagLabs" time="18.132"/>
  <system-out/>
  <testcase classname="tests.SwagLabs" name="loginToSwagLabs_lockedOutUser" time="18.328"/>
  <system-out/>
</testsuite> <!-- tests.SwagLabs -->
