<?xml version="1.0" encoding="UTF-8"?>
<!-- Generated by org.testng.reporters.JUnitReportReporter -->
<testsuite hostname="VinayakaBShetty" failures="0" tests="2" name="tests.SwagLabs" time="20.594" errors="0" timestamp="2024-06-19T23:09:52 IST" skipped="0">
  <testcase classname="tests.SwagLabs" name="loginToSwagLabs" time="10.286"/>
  <system-out/>
  <testcase classname="tests.SwagLabs" name="loginToSwagLabs_lockedOutUser" time="10.308"/>
  <system-out/>
</testsuite> <!-- tests.SwagLabs -->
