<?xml version="1.0" encoding="UTF-8"?>
<!-- Generated by org.testng.reporters.JUnitReportReporter -->
<testsuite hostname="VinayakaBShetty" failures="0" tests="1" name="tests.MakeMyTrip" time="36.722" errors="0" timestamp="2024-06-08T15:26:16 IST" skipped="0">
  <testcase classname="tests.MakeMyTrip" name="bookTrip" time="36.722"/>
  <system-out/>
</testsuite> <!-- tests.MakeMyTrip -->
