<?xml version="1.0" encoding="UTF-8"?>
<!-- Generated by org.testng.reporters.JUnitReportReporter -->
<testsuite hostname="VinayakaBShetty" failures="0" tests="2" name="tests.SwagLabs" time="58.591" errors="0" timestamp="2024-06-19T22:24:40 IST" skipped="0">
  <testcase classname="tests.SwagLabs" name="loginToSwagLabs" time="27.536"/>
  <system-out/>
  <testcase classname="tests.SwagLabs" name="loginToSwagLabs_lockedOutUser" time="31.055"/>
  <system-out/>
</testsuite> <!-- tests.SwagLabs -->
