<?xml version="1.0" encoding="UTF-8"?>
<!-- Generated by org.testng.reporters.JUnitReportReporter -->
<testsuite hostname="VinayakaBShetty" failures="0" tests="3" name="tests.Navigation_TC" time="46.004" errors="0" timestamp="2024-06-16T10:47:30 IST" skipped="0">
  <testcase classname="tests.Navigation_TC" name="navigateToEcommerceWebsites" time="10.629"/>
  <system-out/>
  <testcase classname="tests.Navigation_TC" name="navigateToEcommerceWebsites" time="12.339"/>
  <system-out/>
  <testcase classname="tests.Navigation_TC" name="navigateToEcommerceWebsites" time="23.036"/>
  <system-out/>
</testsuite> <!-- tests.Navigation_TC -->
