<?xml version="1.0" encoding="UTF-8"?>
<!-- Generated by org.testng.reporters.JUnitReportReporter -->
<testsuite hostname="VinayakaBShetty" failures="0" tests="1" name="tests.Log4jDemoTest" time="0.697" errors="0" timestamp="2024-06-04T12:32:08 IST" skipped="0">
  <testcase classname="tests.Log4jDemoTest" name="SimpleLog4jDemo" time="0.697"/>
  <system-out/>
</testsuite> <!-- tests.Log4jDemoTest -->
