<?xml version="1.0" encoding="UTF-8"?>
<!-- Generated by org.testng.reporters.JUnitReportReporter -->
<testsuite hostname="VinayakaBShetty" failures="0" tests="1" name="tests.ScreenShot" time="4.842" errors="0" timestamp="2024-05-30T11:57:21 IST" skipped="0">
  <testcase classname="tests.ScreenShot" name="SS" time="4.842"/>
  <system-out/>
</testsuite> <!-- tests.ScreenShot -->
