<?xml version="1.0" encoding="UTF-8"?>
<!-- Generated by org.testng.reporters.JUnitReportReporter -->
<testsuite hostname="VinayakaBShetty" failures="0" tests="1" name="tests.GoogleVerification" time="10.229" errors="0" timestamp="2024-06-16T10:38:41 IST" skipped="0">
  <testcase classname="tests.GoogleVerification" name="f" time="10.229"/>
  <system-out/>
</testsuite> <!-- tests.GoogleVerification -->
