<?xml version="1.0" encoding="UTF-8"?>
<!-- Generated by org.testng.reporters.JUnitReportReporter -->
<testsuite hostname="VinayakaBShetty" failures="0" tests="3" name="tests.Navigation_TC" time="60.276" errors="0" timestamp="2024-06-19T17:33:14 IST" skipped="0">
  <testcase classname="tests.Navigation_TC" name="navigateToEcommerceWebsites" time="17.403"/>
  <system-out/>
  <testcase classname="tests.Navigation_TC" name="navigateToEcommerceWebsites" time="19.922"/>
  <system-out/>
  <testcase classname="tests.Navigation_TC" name="navigateToEcommerceWebsites" time="22.951"/>
  <system-out/>
</testsuite> <!-- tests.Navigation_TC -->
